2024.02.08 18:25:07 INFO  Started: Metals version 1.2.1 in folders '/home/nsubordin81/code/scala_projects/cats-effect-3-quick-start' for client Visual Studio Code 1.86.0.[0m
18:25:08.078 [pool-1-thread-4] INFO org.flywaydb.core.internal.license.VersionPrinter -- Flyway Community Edition 9.22.3 by Redgate
18:25:08.081 [pool-1-thread-4] INFO org.flywaydb.core.internal.license.VersionPrinter -- See release notes here: https://rd.gt/416ObMi
18:25:08.081 [pool-1-thread-4] INFO org.flywaydb.core.internal.license.VersionPrinter -- 
18:25:08.084 [pool-1-thread-4] DEBUG org.flywaydb.core.internal.scanner.classpath.ClassPathScanner -- Scanning for classpath resources at 'classpath:db/callback' ...
18:25:08.084 [pool-1-thread-4] DEBUG org.flywaydb.core.internal.scanner.classpath.ClassPathScanner -- Determining location urls for classpath:db/callback using ClassLoader jdk.internal.loader.ClassLoaders$AppClassLoader@30946e09 ...
18:25:08.084 [pool-1-thread-4] DEBUG org.flywaydb.core.internal.scanner.classpath.ClassPathScanner -- Unable to resolve location classpath:db/callback.
18:25:08.084 [pool-1-thread-4] DEBUG org.flywaydb.core.internal.scanner.classpath.ClassPathScanner -- Scanning for classpath resources at 'classpath:db/migration' ...
18:25:08.084 [pool-1-thread-4] DEBUG org.flywaydb.core.internal.scanner.classpath.ClassPathScanner -- Determining location urls for classpath:db/migration using ClassLoader jdk.internal.loader.ClassLoaders$AppClassLoader@30946e09 ...
18:25:08.085 [pool-1-thread-4] DEBUG org.flywaydb.core.internal.scanner.classpath.ClassPathScanner -- Scanning URL: jar:file:/home/nsubordin81/.cache/coursier/v1/https/repo1.maven.org/maven2/org/scalameta/metals_2.13/1.2.1/metals_2.13-1.2.1.jar!/db/migration
18:25:08.088 [pool-1-thread-4] DEBUG org.flywaydb.core.internal.scanner.classpath.ClassPathScanner -- Found resource: db/migration/
18:25:08.089 [pool-1-thread-4] DEBUG org.flywaydb.core.internal.scanner.classpath.ClassPathScanner -- Found resource: db/migration/V1__Create_tables.sql
18:25:08.089 [pool-1-thread-4] DEBUG org.flywaydb.core.internal.scanner.classpath.ClassPathScanner -- Found resource: db/migration/V2__Server_discovery.sql
18:25:08.089 [pool-1-thread-4] DEBUG org.flywaydb.core.internal.scanner.classpath.ClassPathScanner -- Found resource: db/migration/V3__Jar_symbols.sql
18:25:08.089 [pool-1-thread-4] DEBUG org.flywaydb.core.internal.scanner.classpath.ClassPathScanner -- Found resource: db/migration/V4__Fingerprints.sql
18:25:08.089 [pool-1-thread-4] DEBUG org.flywaydb.core.internal.scanner.classpath.ClassPathScanner -- Scanning for classes at classpath:db/migration
18:25:08.094 [pool-1-thread-4] DEBUG org.flywaydb.core.internal.scanner.Scanner -- Filtering out resource: db/migration/ (filename: )
18:25:08.094 [pool-1-thread-4] DEBUG org.flywaydb.core.internal.resource.ResourceNameValidator -- Validating V1__Create_tables.sql
18:25:08.095 [pool-1-thread-4] DEBUG org.flywaydb.core.internal.resource.ResourceNameValidator -- Validating V4__Fingerprints.sql
18:25:08.095 [pool-1-thread-4] DEBUG org.flywaydb.core.internal.resource.ResourceNameValidator -- Validating V2__Server_discovery.sql
18:25:08.096 [pool-1-thread-4] DEBUG org.flywaydb.core.internal.resource.ResourceNameValidator -- Validating V3__Jar_symbols.sql
18:25:08.165 [pool-1-thread-4] INFO org.flywaydb.core.FlywayExecutor -- Database: jdbc:h2:file:/home/nsubordin81/code/scala_projects/cats-effect-3-quick-start/.metals/metals (H2 2.2)
18:25:08.165 [pool-1-thread-4] DEBUG org.flywaydb.core.FlywayExecutor -- Driver: H2 JDBC Driver 2.2.224 (2023-09-17)
18:25:08.165 [pool-1-thread-4] DEBUG org.flywaydb.core.FlywayExecutor -- DDL Transactions Supported: false
18:25:08.166 [pool-1-thread-4] DEBUG org.flywaydb.core.internal.schemahistory.SchemaHistoryFactory -- Schemas: 
18:25:08.166 [pool-1-thread-4] DEBUG org.flywaydb.core.internal.schemahistory.SchemaHistoryFactory -- Default schema: null
18:25:08.171 [pool-1-thread-4] WARN org.flywaydb.core.internal.database.base.Database -- Flyway upgrade recommended: H2 2.2.224 is newer than this version of Flyway and support has not been tested. The latest supported version of H2 is 2.2.220.
18:25:08.173 [pool-1-thread-4] DEBUG org.flywaydb.core.internal.callback.SqlScriptCallbackFactory -- Scanning for SQL callbacks ...
18:25:08.173 [pool-1-thread-4] DEBUG org.flywaydb.core.internal.scanner.Scanner -- Filtering out resource: db/migration/ (filename: )
18:25:08.181 [pool-1-thread-4] DEBUG org.flywaydb.core.internal.command.DbValidate -- Validating migrations ...
18:25:08.187 [pool-1-thread-4] DEBUG org.flywaydb.core.internal.scanner.Scanner -- Filtering out resource: db/migration/ (filename: )
18:25:08.201 [pool-1-thread-4] DEBUG org.flywaydb.core.internal.scanner.Scanner -- Filtering out resource: db/migration/V1__Create_tables.sql (filename: V1__Create_tables.sql)
18:25:08.201 [pool-1-thread-4] DEBUG org.flywaydb.core.internal.scanner.Scanner -- Filtering out resource: db/migration/V4__Fingerprints.sql (filename: V4__Fingerprints.sql)
18:25:08.201 [pool-1-thread-4] DEBUG org.flywaydb.core.internal.scanner.Scanner -- Filtering out resource: db/migration/V2__Server_discovery.sql (filename: V2__Server_discovery.sql)
18:25:08.201 [pool-1-thread-4] DEBUG org.flywaydb.core.internal.scanner.Scanner -- Filtering out resource: db/migration/ (filename: )
18:25:08.201 [pool-1-thread-4] DEBUG org.flywaydb.core.internal.scanner.Scanner -- Filtering out resource: db/migration/V3__Jar_symbols.sql (filename: V3__Jar_symbols.sql)
18:25:08.202 [pool-1-thread-4] DEBUG org.flywaydb.core.internal.scanner.Scanner -- Filtering out resource: db/migration/V1__Create_tables.sql (filename: V1__Create_tables.sql)
18:25:08.202 [pool-1-thread-4] DEBUG org.flywaydb.core.internal.scanner.Scanner -- Filtering out resource: db/migration/V4__Fingerprints.sql (filename: V4__Fingerprints.sql)
18:25:08.202 [pool-1-thread-4] DEBUG org.flywaydb.core.internal.scanner.Scanner -- Filtering out resource: db/migration/V2__Server_discovery.sql (filename: V2__Server_discovery.sql)
18:25:08.202 [pool-1-thread-4] DEBUG org.flywaydb.core.internal.scanner.Scanner -- Filtering out resource: db/migration/ (filename: )
18:25:08.203 [pool-1-thread-4] DEBUG org.flywaydb.core.internal.scanner.Scanner -- Filtering out resource: db/migration/V3__Jar_symbols.sql (filename: V3__Jar_symbols.sql)
18:25:08.205 [pool-1-thread-4] INFO org.flywaydb.core.internal.schemahistory.JdbcTableSchemaHistory -- Schema history table "PUBLIC"."flyway_schema_history" does not exist yet
18:25:08.208 [pool-1-thread-4] INFO org.flywaydb.core.internal.command.DbValidate -- Successfully validated 4 migrations (execution time 00:00.025s)
18:25:08.211 [pool-1-thread-4] DEBUG org.flywaydb.core.internal.command.DbSchemas -- Skipping creation of existing schema: "PUBLIC"
18:25:08.216 [pool-1-thread-4] INFO org.flywaydb.core.internal.schemahistory.JdbcTableSchemaHistory -- Creating Schema History table "PUBLIC"."flyway_schema_history" ...
18:25:08.221 [pool-1-thread-4] DEBUG org.flywaydb.core.internal.parser.Parser -- Parsing  ...
18:25:08.231 [pool-1-thread-4] DEBUG org.flywaydb.core.internal.sqlscript.ParserSqlScript -- Found statement at line 1: CREATE TABLE IF NOT EXISTS "PUBLIC"."flyway_schema_history" (
    "installed_rank" INT NOT NULL,
    "version" VARCHAR(50),
    "description" VARCHAR(200) NOT NULL,
    "type" VARCHAR(20) NOT NULL,
    "script" VARCHAR(1000) NOT NULL,
    "checksum" INT,
    "installed_by" VARCHAR(100) NOT NULL,
    "installed_on" TIMESTAMP NOT NULL DEFAULT CURRENT_TIMESTAMP,
    "execution_time" INT NOT NULL,
    "success" BOOLEAN NOT NULL,
    CONSTRAINT "flyway_schema_history_pk" PRIMARY KEY ("installed_rank")
) AS SELECT -1, NULL, '<< Flyway Schema History table created >>', 'TABLE', '', NULL, 'SA', CURRENT_TIMESTAMP, 0, TRUE
18:25:08.231 [pool-1-thread-4] DEBUG org.flywaydb.core.internal.sqlscript.ParserSqlScript -- Found statement at line 14: CREATE INDEX "PUBLIC"."flyway_schema_history_s_idx" ON "PUBLIC"."flyway_schema_history" ("success")
18:25:08.232 [pool-1-thread-4] DEBUG org.flywaydb.core.internal.sqlscript.DefaultSqlScriptExecutor -- Executing SQL: CREATE TABLE IF NOT EXISTS "PUBLIC"."flyway_schema_history" (
    "installed_rank" INT NOT NULL,
    "version" VARCHAR(50),
    "description" VARCHAR(200) NOT NULL,
    "type" VARCHAR(20) NOT NULL,
    "script" VARCHAR(1000) NOT NULL,
    "checksum" INT,
    "installed_by" VARCHAR(100) NOT NULL,
    "installed_on" TIMESTAMP NOT NULL DEFAULT CURRENT_TIMESTAMP,
    "execution_time" INT NOT NULL,
    "success" BOOLEAN NOT NULL,
    CONSTRAINT "flyway_schema_history_pk" PRIMARY KEY ("installed_rank")
) AS SELECT -1, NULL, '<< Flyway Schema History table created >>', 'TABLE', '', NULL, 'SA', CURRENT_TIMESTAMP, 0, TRUE
18:25:08.236 [pool-1-thread-4] DEBUG org.flywaydb.core.internal.sqlscript.DefaultSqlScriptExecutor -- 0 rows affected
18:25:08.236 [pool-1-thread-4] DEBUG org.flywaydb.core.internal.sqlscript.DefaultSqlScriptExecutor -- Executing SQL: CREATE INDEX "PUBLIC"."flyway_schema_history_s_idx" ON "PUBLIC"."flyway_schema_history" ("success")
18:25:08.240 [pool-1-thread-4] DEBUG org.flywaydb.core.internal.sqlscript.DefaultSqlScriptExecutor -- 0 rows affected
18:25:08.240 [pool-1-thread-4] DEBUG org.flywaydb.core.internal.schemahistory.JdbcTableSchemaHistory -- Created Schema History table "PUBLIC"."flyway_schema_history"
18:25:08.250 [pool-1-thread-4] INFO org.flywaydb.core.internal.command.DbMigrate -- Current version of schema "PUBLIC": << Empty Schema >>
18:25:08.250 [pool-1-thread-4] DEBUG org.flywaydb.core.internal.parser.Parser -- Parsing V1__Create_tables.sql ...
18:25:08.253 [pool-1-thread-4] DEBUG org.flywaydb.core.internal.sqlscript.ParserSqlScript -- Found statement at line 4: -- The relationship between library dependency sources under .metals/readonly/**
-- and build targets they belong to. Required to know what classpath to use
-- for compiling dependency sources.
create table dependency_source(
  text_document_uri varchar primary key,
  build_target_uri varchar not null
)
18:25:08.255 [pool-1-thread-4] DEBUG org.flywaydb.core.internal.sqlscript.ParserSqlScript -- Found statement at line 12: -- The relationship between library dependency sources under .metals/readonly/**
-- and worksheets they belong to. Required to know what classpath to use
-- for compiling dependency sources.
create table worksheet_dependency_source(
  text_document_uri varchar primary key,
  worksheet_uri varchar not null
)
18:25:08.256 [pool-1-thread-4] DEBUG org.flywaydb.core.internal.sqlscript.ParserSqlScript -- Found statement at line 19: -- The relationship between what library dependency sources under .metals/readonly/**
-- map to which build targets.
create table sbt_digest(
  md5 varchar,
  status tinyint not null,
  when_recorded timestamp
)
18:25:08.257 [pool-1-thread-4] DEBUG org.flywaydb.core.internal.sqlscript.ParserSqlScript -- Found statement at line 27: -- Which window/showMessage and window/showMessageRequest dialogues have been dismissed
-- by the user via "Don't show again" or closed by clicking on "x".
create table dismissed_notification(
  id int,
  when_dismissed timestamp,
  when_expires timestamp
)
18:25:08.257 [pool-1-thread-4] DEBUG org.flywaydb.core.internal.sqlscript.ParserSqlScript -- Found statement at line 34: -- The choice of build tool when multiple build tool files are found in a workspace
create table chosen_build_tool(
  build_tool varchar primary key
)
18:25:08.260 [pool-1-thread-4] DEBUG org.flywaydb.core.internal.command.DbMigrate -- Starting migration of schema "PUBLIC" to version "1 - Create tables" ...
18:25:08.261 [pool-1-thread-4] INFO org.flywaydb.core.internal.command.DbMigrate -- Migrating schema "PUBLIC" to version "1 - Create tables"
18:25:08.263 [pool-1-thread-4] DEBUG org.flywaydb.core.internal.sqlscript.DefaultSqlScriptExecutor -- Executing SQL: -- The relationship between library dependency sources under .metals/readonly/**
-- and build targets they belong to. Required to know what classpath to use
-- for compiling dependency sources.
create table dependency_source(
  text_document_uri varchar primary key,
  build_target_uri varchar not null
)
18:25:08.265 [pool-1-thread-4] DEBUG org.flywaydb.core.internal.sqlscript.DefaultSqlScriptExecutor -- 0 rows affected
18:25:08.265 [pool-1-thread-4] DEBUG org.flywaydb.core.internal.sqlscript.DefaultSqlScriptExecutor -- Executing SQL: -- The relationship between library dependency sources under .metals/readonly/**
-- and worksheets they belong to. Required to know what classpath to use
-- for compiling dependency sources.
create table worksheet_dependency_source(
  text_document_uri varchar primary key,
  worksheet_uri varchar not null
)
18:25:08.267 [pool-1-thread-4] DEBUG org.flywaydb.core.internal.sqlscript.DefaultSqlScriptExecutor -- 0 rows affected
18:25:08.267 [pool-1-thread-4] DEBUG org.flywaydb.core.internal.sqlscript.DefaultSqlScriptExecutor -- Executing SQL: -- The relationship between what library dependency sources under .metals/readonly/**
-- map to which build targets.
create table sbt_digest(
  md5 varchar,
  status tinyint not null,
  when_recorded timestamp
)
18:25:08.268 [pool-1-thread-4] DEBUG org.flywaydb.core.internal.sqlscript.DefaultSqlScriptExecutor -- 0 rows affected
18:25:08.268 [pool-1-thread-4] DEBUG org.flywaydb.core.internal.sqlscript.DefaultSqlScriptExecutor -- Executing SQL: -- Which window/showMessage and window/showMessageRequest dialogues have been dismissed
-- by the user via "Don't show again" or closed by clicking on "x".
create table dismissed_notification(
  id int,
  when_dismissed timestamp,
  when_expires timestamp
)
18:25:08.269 [pool-1-thread-4] DEBUG org.flywaydb.core.internal.sqlscript.DefaultSqlScriptExecutor -- 0 rows affected
18:25:08.270 [pool-1-thread-4] DEBUG org.flywaydb.core.internal.sqlscript.DefaultSqlScriptExecutor -- Executing SQL: -- The choice of build tool when multiple build tool files are found in a workspace
create table chosen_build_tool(
  build_tool varchar primary key
)
18:25:08.271 [pool-1-thread-4] DEBUG org.flywaydb.core.internal.sqlscript.DefaultSqlScriptExecutor -- 0 rows affected
18:25:08.272 [pool-1-thread-4] DEBUG org.flywaydb.core.internal.command.DbMigrate -- Successfully completed migration of schema "PUBLIC" to version "1 - Create tables"
18:25:08.276 [pool-1-thread-4] DEBUG org.flywaydb.core.internal.schemahistory.JdbcTableSchemaHistory -- Schema History table "PUBLIC"."flyway_schema_history" successfully updated to reflect changes
18:25:08.282 [pool-1-thread-4] DEBUG org.flywaydb.core.internal.parser.Parser -- Parsing V2__Server_discovery.sql ...
18:25:08.284 [pool-1-thread-4] DEBUG org.flywaydb.core.internal.sqlscript.ParserSqlScript -- Found statement at line 4: -- For each unique combination of installed build servers we select one server.
-- The md5 checksum is computed from the names of the installed build servers, and
-- the selected server is the server which the user chose for this workspace.
create table chosen_build_server(
  md5 varchar primary key,
  selected_server varchar,
  when_recorded timestamp
)
18:25:08.284 [pool-1-thread-4] DEBUG org.flywaydb.core.internal.command.DbMigrate -- Starting migration of schema "PUBLIC" to version "2 - Server discovery" ...
18:25:08.285 [pool-1-thread-4] INFO org.flywaydb.core.internal.command.DbMigrate -- Migrating schema "PUBLIC" to version "2 - Server discovery"
18:25:08.285 [pool-1-thread-4] DEBUG org.flywaydb.core.internal.sqlscript.DefaultSqlScriptExecutor -- Executing SQL: -- For each unique combination of installed build servers we select one server.
-- The md5 checksum is computed from the names of the installed build servers, and
-- the selected server is the server which the user chose for this workspace.
create table chosen_build_server(
  md5 varchar primary key,
  selected_server varchar,
  when_recorded timestamp
)
18:25:08.286 [pool-1-thread-4] DEBUG org.flywaydb.core.internal.sqlscript.DefaultSqlScriptExecutor -- 0 rows affected
18:25:08.286 [pool-1-thread-4] DEBUG org.flywaydb.core.internal.command.DbMigrate -- Successfully completed migration of schema "PUBLIC" to version "2 - Server discovery"
18:25:08.288 [pool-1-thread-4] DEBUG org.flywaydb.core.internal.schemahistory.JdbcTableSchemaHistory -- Schema History table "PUBLIC"."flyway_schema_history" successfully updated to reflect changes
18:25:08.291 [pool-1-thread-4] DEBUG org.flywaydb.core.internal.parser.Parser -- Parsing V3__Jar_symbols.sql ...
18:25:08.292 [pool-1-thread-4] DEBUG org.flywaydb.core.internal.sqlscript.ParserSqlScript -- Found statement at line 2: -- Indexed jars, the MD5 digest of path, modified time and size as key
create table indexed_jar(
  id int auto_increment unique,
  md5 varchar primary key
)
18:25:08.293 [pool-1-thread-4] DEBUG org.flywaydb.core.internal.sqlscript.ParserSqlScript -- Found statement at line 7: -- Top Level Symbols per jar, allow for multiple jars with same symbols and paths
create table toplevel_symbol(
  symbol varchar not null,
  path varchar not null,
  jar int,
  foreign key (jar) references indexed_jar (id) on delete cascade,
  primary key (jar, path, symbol)
)
18:25:08.294 [pool-1-thread-4] DEBUG org.flywaydb.core.internal.sqlscript.ParserSqlScript -- Found statement at line 15: -- Create index to speedup lookup of jar symbols
create index toplevel_symbol_jar on toplevel_symbol(jar)
18:25:08.294 [pool-1-thread-4] DEBUG org.flywaydb.core.internal.command.DbMigrate -- Starting migration of schema "PUBLIC" to version "3 - Jar symbols" ...
18:25:08.296 [pool-1-thread-4] INFO org.flywaydb.core.internal.command.DbMigrate -- Migrating schema "PUBLIC" to version "3 - Jar symbols"
18:25:08.296 [pool-1-thread-4] DEBUG org.flywaydb.core.internal.sqlscript.DefaultSqlScriptExecutor -- Executing SQL: -- Indexed jars, the MD5 digest of path, modified time and size as key
create table indexed_jar(
  id int auto_increment unique,
  md5 varchar primary key
)
18:25:08.302 [pool-1-thread-4] DEBUG org.flywaydb.core.internal.sqlscript.DefaultSqlScriptExecutor -- 0 rows affected
18:25:08.302 [pool-1-thread-4] DEBUG org.flywaydb.core.internal.sqlscript.DefaultSqlScriptExecutor -- Executing SQL: -- Top Level Symbols per jar, allow for multiple jars with same symbols and paths
create table toplevel_symbol(
  symbol varchar not null,
  path varchar not null,
  jar int,
  foreign key (jar) references indexed_jar (id) on delete cascade,
  primary key (jar, path, symbol)
)
18:25:08.310 [pool-1-thread-4] DEBUG org.flywaydb.core.internal.sqlscript.DefaultSqlScriptExecutor -- 0 rows affected
18:25:08.310 [pool-1-thread-4] DEBUG org.flywaydb.core.internal.sqlscript.DefaultSqlScriptExecutor -- Executing SQL: -- Create index to speedup lookup of jar symbols
create index toplevel_symbol_jar on toplevel_symbol(jar)
18:25:08.311 [pool-1-thread-4] DEBUG org.flywaydb.core.internal.sqlscript.DefaultSqlScriptExecutor -- 0 rows affected
18:25:08.311 [pool-1-thread-4] DEBUG org.flywaydb.core.internal.command.DbMigrate -- Successfully completed migration of schema "PUBLIC" to version "3 - Jar symbols"
18:25:08.314 [pool-1-thread-4] DEBUG org.flywaydb.core.internal.schemahistory.JdbcTableSchemaHistory -- Schema History table "PUBLIC"."flyway_schema_history" successfully updated to reflect changes
18:25:08.317 [pool-1-thread-4] DEBUG org.flywaydb.core.internal.parser.Parser -- Parsing V4__Fingerprints.sql ...
18:25:08.319 [pool-1-thread-4] DEBUG org.flywaydb.core.internal.sqlscript.ParserSqlScript -- Found statement at line 2: -- Fingerprints saved between invocations
create table fingerprints(
  path varchar not null,
  text varchar not null,
  md5 varchar not null,
  id int auto_increment unique
)
18:25:08.319 [pool-1-thread-4] DEBUG org.flywaydb.core.internal.command.DbMigrate -- Starting migration of schema "PUBLIC" to version "4 - Fingerprints" ...
18:25:08.320 [pool-1-thread-4] INFO org.flywaydb.core.internal.command.DbMigrate -- Migrating schema "PUBLIC" to version "4 - Fingerprints"
18:25:08.321 [pool-1-thread-4] DEBUG org.flywaydb.core.internal.sqlscript.DefaultSqlScriptExecutor -- Executing SQL: -- Fingerprints saved between invocations
create table fingerprints(
  path varchar not null,
  text varchar not null,
  md5 varchar not null,
  id int auto_increment unique
)
18:25:08.323 [pool-1-thread-4] DEBUG org.flywaydb.core.internal.sqlscript.DefaultSqlScriptExecutor -- 0 rows affected
18:25:08.323 [pool-1-thread-4] DEBUG org.flywaydb.core.internal.command.DbMigrate -- Successfully completed migration of schema "PUBLIC" to version "4 - Fingerprints"
18:25:08.324 [pool-1-thread-4] DEBUG org.flywaydb.core.internal.schemahistory.JdbcTableSchemaHistory -- Schema History table "PUBLIC"."flyway_schema_history" successfully updated to reflect changes
18:25:08.334 [pool-1-thread-4] INFO org.flywaydb.core.internal.command.DbMigrate -- Successfully applied 4 migrations to schema "PUBLIC", now at version v4 (execution time 00:00.034s)
18:25:08.346 [pool-1-thread-4] DEBUG org.flywaydb.core.FlywayExecutor -- Memory usage: 79 of 127M
2024.02.08 18:25:08 WARN  Build server is not auto-connectable.[0m
2024.02.08 18:25:20 INFO  no build target found for /home/nsubordin81/code/scala_projects/cats-effect-3-quick-start/build.sbt. Using presentation compiler with project's scala-library version: 3.3.1[0m
2024.02.08 18:25:22 INFO  time: code lens generation in 9.52s[0m
2024.02.08 18:26:26 INFO  skipping build import with status 'Dismissed'[0m
2024.02.09 15:57:51 WARN  no build target for: /home/nsubordin81/code/scala_projects/cats-effect-3-quick-start/src/main/scala/com/example/StupidFizzBuzz.scala[0m
Feb 09, 2024 3:57:59 PM org.eclipse.lsp4j.jsonrpc.RemoteEndpoint handleCancellation
WARNING: Unmatched cancel notification for request id 81
Feb 09, 2024 3:59:41 PM org.eclipse.lsp4j.jsonrpc.RemoteEndpoint handleCancellation
WARNING: Unmatched cancel notification for request id 472
Feb 09, 2024 3:59:46 PM org.eclipse.lsp4j.jsonrpc.RemoteEndpoint handleCancellation
WARNING: Unmatched cancel notification for request id 512
Feb 09, 2024 4:00:12 PM scala.meta.internal.pc.CompilerAccess handleError
SEVERE: A severe compiler error occurred, full details of the error can be found in the error report /home/nsubordin81/code/scala_projects/cats-effect-3-quick-start/.metals/.reports/metals-full/2024-02-09/r_compiler-error_16-00-12-447.md
2024.02.09 16:00:12 ERROR Failed to tokenize input for semantic tokens for /home/nsubordin81/code/scala_projects/cats-effect-3-quick-start/src/main/scala/com/example/StupidFizzBuzz.scala
scala.meta.tokenizers.TokenizeException: <input>:16: error: malformed xml literal, expected:
Expected (Name | "/>" | ">"):16:1, found ""

^
	at scala.meta.internal.tokenizers.Reporter.syntaxError(Reporter.scala:23)
	at scala.meta.internal.tokenizers.Reporter.syntaxError$(Reporter.scala:23)
	at scala.meta.internal.tokenizers.Reporter$$anon$1.syntaxError(Reporter.scala:33)
	at scala.meta.internal.tokenizers.Reporter.syntaxError(Reporter.scala:25)
	at scala.meta.internal.tokenizers.Reporter.syntaxError$(Reporter.scala:25)
	at scala.meta.internal.tokenizers.Reporter$$anon$1.syntaxError(Reporter.scala:33)
	at scala.meta.internal.tokenizers.LegacyScanner.getXml(LegacyScanner.scala:937)
	at scala.meta.internal.tokenizers.LegacyScanner.fetchLT$1(LegacyScanner.scala:295)
	at scala.meta.internal.tokenizers.LegacyScanner.fetchToken(LegacyScanner.scala:303)
	at scala.meta.internal.tokenizers.LegacyScanner.nextToken(LegacyScanner.scala:211)
	at scala.meta.internal.tokenizers.LegacyScanner.foreach(LegacyScanner.scala:1011)
	at scala.meta.internal.tokenizers.ScalametaTokenizer.uncachedTokenize(ScalametaTokenizer.scala:24)
	at scala.meta.internal.tokenizers.ScalametaTokenizer.$anonfun$tokenize$1(ScalametaTokenizer.scala:17)
	at scala.collection.concurrent.TrieMap.getOrElseUpdate(TrieMap.scala:962)
	at scala.meta.internal.tokenizers.ScalametaTokenizer.tokenize(ScalametaTokenizer.scala:17)
	at scala.meta.internal.tokenizers.ScalametaTokenizer$$anon$2.apply(ScalametaTokenizer.scala:332)
	at scala.meta.tokenizers.Api$XtensionTokenizeDialectInput.tokenize(Api.scala:25)
	at scala.meta.tokenizers.Api$XtensionTokenizeInputLike.tokenize(Api.scala:14)
	at scala.meta.internal.metals.SemanticTokensProvider$.getTokens(SemanticTokensProvider.scala:28)
	at scala.meta.internal.metals.SemanticTokensProvider$.provide(SemanticTokensProvider.scala:89)
	at scala.meta.internal.metals.Compilers.$anonfun$semanticTokens$3(Compilers.scala:541)
	at scala.concurrent.impl.Promise$Transformation.run(Promise.scala:467)
	at java.util.concurrent.ThreadPoolExecutor.runWorker(ThreadPoolExecutor.java:1136)
	at java.util.concurrent.ThreadPoolExecutor$Worker.run(ThreadPoolExecutor.java:635)
	at java.lang.Thread.run(Thread.java:833)
[0m
Feb 09, 2024 4:01:17 PM org.eclipse.lsp4j.jsonrpc.RemoteEndpoint handleCancellation
WARNING: Unmatched cancel notification for request id 1139
Feb 09, 2024 4:01:24 PM org.eclipse.lsp4j.jsonrpc.RemoteEndpoint handleCancellation
WARNING: Unmatched cancel notification for request id 1193
Feb 09, 2024 4:01:29 PM org.eclipse.lsp4j.jsonrpc.RemoteEndpoint handleCancellation
WARNING: Unmatched cancel notification for request id 1220
Feb 09, 2024 4:01:38 PM scala.meta.internal.pc.CompilerAccess handleError
SEVERE: A severe compiler error occurred, full details of the error can be found in the error report /home/nsubordin81/code/scala_projects/cats-effect-3-quick-start/.metals/.reports/metals-full/2024-02-09/r_compiler-error_16-01-38-567.md
2024.02.09 16:01:38 ERROR Failed to tokenize input for semantic tokens for /home/nsubordin81/code/scala_projects/cats-effect-3-quick-start/src/main/scala/com/example/StupidFizzBuzz.scala
scala.meta.tokenizers.TokenizeException: <input>:20: error: malformed xml literal, expected:
Expected (Name | "/>" | ">"):20:1, found ""

^
	at scala.meta.internal.tokenizers.Reporter.syntaxError(Reporter.scala:23)
	at scala.meta.internal.tokenizers.Reporter.syntaxError$(Reporter.scala:23)
	at scala.meta.internal.tokenizers.Reporter$$anon$1.syntaxError(Reporter.scala:33)
	at scala.meta.internal.tokenizers.Reporter.syntaxError(Reporter.scala:25)
	at scala.meta.internal.tokenizers.Reporter.syntaxError$(Reporter.scala:25)
	at scala.meta.internal.tokenizers.Reporter$$anon$1.syntaxError(Reporter.scala:33)
	at scala.meta.internal.tokenizers.LegacyScanner.getXml(LegacyScanner.scala:937)
	at scala.meta.internal.tokenizers.LegacyScanner.fetchLT$1(LegacyScanner.scala:295)
	at scala.meta.internal.tokenizers.LegacyScanner.fetchToken(LegacyScanner.scala:303)
	at scala.meta.internal.tokenizers.LegacyScanner.nextToken(LegacyScanner.scala:211)
	at scala.meta.internal.tokenizers.LegacyScanner.foreach(LegacyScanner.scala:1011)
	at scala.meta.internal.tokenizers.ScalametaTokenizer.uncachedTokenize(ScalametaTokenizer.scala:24)
	at scala.meta.internal.tokenizers.ScalametaTokenizer.$anonfun$tokenize$1(ScalametaTokenizer.scala:17)
	at scala.collection.concurrent.TrieMap.getOrElseUpdate(TrieMap.scala:962)
	at scala.meta.internal.tokenizers.ScalametaTokenizer.tokenize(ScalametaTokenizer.scala:17)
	at scala.meta.internal.tokenizers.ScalametaTokenizer$$anon$2.apply(ScalametaTokenizer.scala:332)
	at scala.meta.tokenizers.Api$XtensionTokenizeDialectInput.tokenize(Api.scala:25)
	at scala.meta.tokenizers.Api$XtensionTokenizeInputLike.tokenize(Api.scala:14)
	at scala.meta.internal.metals.SemanticTokensProvider$.getTokens(SemanticTokensProvider.scala:28)
	at scala.meta.internal.metals.SemanticTokensProvider$.provide(SemanticTokensProvider.scala:89)
	at scala.meta.internal.metals.Compilers.$anonfun$semanticTokens$3(Compilers.scala:541)
	at scala.concurrent.impl.Promise$Transformation.run(Promise.scala:467)
	at java.util.concurrent.ThreadPoolExecutor.runWorker(ThreadPoolExecutor.java:1136)
	at java.util.concurrent.ThreadPoolExecutor$Worker.run(ThreadPoolExecutor.java:635)
	at java.lang.Thread.run(Thread.java:833)
[0m
Feb 09, 2024 4:01:48 PM org.eclipse.lsp4j.jsonrpc.RemoteEndpoint handleCancellation
WARNING: Unmatched cancel notification for request id 1363
2024.02.09 16:02:18 WARN  no build target for: /home/nsubordin81/code/scala_projects/cats-effect-3-quick-start/src/main/scala/com/example/StupidFizzBuzz.scala[0m
2024.02.09 16:04:17 WARN  no build target for: /home/nsubordin81/code/scala_projects/cats-effect-3-quick-start/src/main/scala/com/example/StupidFizzBuzz.scala[0m
2024.02.09 16:08:12 WARN  no build target for: /home/nsubordin81/code/scala_projects/cats-effect-3-quick-start/src/main/scala/com/example/Main.scala[0m
2024.02.09 16:09:17 WARN  no build target for: /home/nsubordin81/code/scala_projects/cats-effect-3-quick-start/src/main/scala/com/example/Main.scala[0m
2024.02.09 16:09:25 WARN  no build target for: /home/nsubordin81/code/scala_projects/cats-effect-3-quick-start/src/main/scala/com/example/Main.scala[0m
2024.02.09 16:10:18 WARN  no build target for: /home/nsubordin81/code/scala_projects/cats-effect-3-quick-start/build.sbt[0m
2024.02.09 16:11:08 WARN  no build target for: /home/nsubordin81/code/scala_projects/cats-effect-3-quick-start/src/main/scala/com/example/Main.scala[0m
2024.02.09 16:11:36 WARN  no build target for: /home/nsubordin81/code/scala_projects/cats-effect-3-quick-start/src/main/scala/com/example/StupidFizzBuzz.scala[0m
2024.02.09 16:12:47 WARN  no build target for: /home/nsubordin81/code/scala_projects/cats-effect-3-quick-start/src/main/scala/com/example/StupidFizzBuzz.scala[0m
2024.02.09 16:12:54 WARN  no build target for: /home/nsubordin81/code/scala_projects/cats-effect-3-quick-start/src/main/scala/com/example/Main.scala[0m
2024.02.09 16:13:26 WARN  no build target for: /home/nsubordin81/code/scala_projects/cats-effect-3-quick-start/src/main/scala/com/example/Main.scala[0m
2024.02.09 16:14:30 WARN  no build target for: /home/nsubordin81/code/scala_projects/cats-effect-3-quick-start/src/main/scala/com/example/Main.scala[0m
2024.02.09 16:15:12 WARN  no build target for: /home/nsubordin81/code/scala_projects/cats-effect-3-quick-start/src/main/scala/com/example/Main.scala[0m
2024.02.09 16:16:23 WARN  no build target for: /home/nsubordin81/code/scala_projects/cats-effect-3-quick-start/src/main/scala/com/example/StupidFizzBuzz.scala[0m
2024.02.13 16:07:38 WARN  no build target for: /home/nsubordin81/code/scala_projects/cats-effect-3-quick-start/src/main/scala/com/example/Main.scala[0m
2024.02.13 16:09:08 WARN  no build target for: /home/nsubordin81/code/scala_projects/cats-effect-3-quick-start/src/main/scala/com/example/Main.scala[0m
Feb 13, 2024 4:09:33 PM org.eclipse.lsp4j.jsonrpc.RemoteEndpoint handleCancellation
WARNING: Unmatched cancel notification for request id 2340
2024.02.13 16:09:36 WARN  no build target for: /home/nsubordin81/code/scala_projects/cats-effect-3-quick-start/src/main/scala/com/example/StupidFizzBuzz.scala[0m
2024.02.13 16:09:40 WARN  no build target for: /home/nsubordin81/code/scala_projects/cats-effect-3-quick-start/src/main/scala/com/example/StupidFizzBuzz.scala[0m
2024.02.13 16:10:11 WARN  no build target for: /home/nsubordin81/code/scala_projects/cats-effect-3-quick-start/src/main/scala/com/example/StupidFizzBuzz.scala[0m
2024.02.13 16:12:12 WARN  no build target for: /home/nsubordin81/code/scala_projects/cats-effect-3-quick-start/src/main/scala/com/example/Main.scala[0m
2024.02.13 16:12:43 WARN  no build target for: /home/nsubordin81/code/scala_projects/cats-effect-3-quick-start/src/main/scala/com/example/Main.scala[0m
2024.02.13 16:16:01 WARN  no build target for: /home/nsubordin81/code/scala_projects/cats-effect-3-quick-start/src/main/scala/com/example/StupidFizzBuzz.scala[0m
2024.02.13 16:16:38 WARN  no build target for: /home/nsubordin81/code/scala_projects/cats-effect-3-quick-start/src/main/scala/com/example/StupidFizzBuzz.scala[0m
2024.02.13 16:17:31 WARN  no build target for: /home/nsubordin81/code/scala_projects/cats-effect-3-quick-start/src/main/scala/com/example/StupidFizzBuzz.scala[0m
2024.02.13 16:17:50 WARN  no build target for: /home/nsubordin81/code/scala_projects/cats-effect-3-quick-start/src/main/scala/com/example/StupidFizzBuzz.scala[0m
2024.02.13 16:25:04 WARN  no build target for: /home/nsubordin81/code/scala_projects/cats-effect-3-quick-start/src/main/scala/com/example/StupidFizzBuzz.scala[0m
2024.02.13 16:25:36 WARN  no build target for: /home/nsubordin81/code/scala_projects/cats-effect-3-quick-start/src/main/scala/com/example/StupidFizzBuzz.scala[0m
2024.02.13 16:26:22 WARN  no build target for: /home/nsubordin81/code/scala_projects/cats-effect-3-quick-start/src/main/scala/com/example/StupidFizzBuzz.scala[0m
2024.02.13 16:32:41 WARN  no build target for: /home/nsubordin81/code/scala_projects/cats-effect-3-quick-start/src/main/scala/com/example/StupidFizzBuzz.scala[0m
2024.02.19 23:22:54 INFO  Started: Metals version 1.2.1 in folders '/home/nsubordin81/code/scala_projects/cats-effect-3-quick-start' for client Visual Studio Code 1.86.0.[0m
23:22:55.999 [pool-1-thread-1] INFO org.flywaydb.core.internal.license.VersionPrinter -- Flyway Community Edition 9.22.3 by Redgate
23:22:56.004 [pool-1-thread-1] INFO org.flywaydb.core.internal.license.VersionPrinter -- See release notes here: https://rd.gt/416ObMi
23:22:56.004 [pool-1-thread-1] INFO org.flywaydb.core.internal.license.VersionPrinter -- 
23:22:56.009 [pool-1-thread-1] DEBUG org.flywaydb.core.internal.scanner.classpath.ClassPathScanner -- Scanning for classpath resources at 'classpath:db/callback' ...
23:22:56.009 [pool-1-thread-1] DEBUG org.flywaydb.core.internal.scanner.classpath.ClassPathScanner -- Determining location urls for classpath:db/callback using ClassLoader jdk.internal.loader.ClassLoaders$AppClassLoader@30946e09 ...
23:22:56.009 [pool-1-thread-1] DEBUG org.flywaydb.core.internal.scanner.classpath.ClassPathScanner -- Unable to resolve location classpath:db/callback.
23:22:56.009 [pool-1-thread-1] DEBUG org.flywaydb.core.internal.scanner.classpath.ClassPathScanner -- Scanning for classpath resources at 'classpath:db/migration' ...
23:22:56.009 [pool-1-thread-1] DEBUG org.flywaydb.core.internal.scanner.classpath.ClassPathScanner -- Determining location urls for classpath:db/migration using ClassLoader jdk.internal.loader.ClassLoaders$AppClassLoader@30946e09 ...
23:22:56.010 [pool-1-thread-1] DEBUG org.flywaydb.core.internal.scanner.classpath.ClassPathScanner -- Scanning URL: jar:file:/home/nsubordin81/.cache/coursier/v1/https/repo1.maven.org/maven2/org/scalameta/metals_2.13/1.2.1/metals_2.13-1.2.1.jar!/db/migration
23:22:56.014 [pool-1-thread-1] DEBUG org.flywaydb.core.internal.scanner.classpath.ClassPathScanner -- Found resource: db/migration/
23:22:56.014 [pool-1-thread-1] DEBUG org.flywaydb.core.internal.scanner.classpath.ClassPathScanner -- Found resource: db/migration/V1__Create_tables.sql
23:22:56.015 [pool-1-thread-1] DEBUG org.flywaydb.core.internal.scanner.classpath.ClassPathScanner -- Found resource: db/migration/V2__Server_discovery.sql
23:22:56.015 [pool-1-thread-1] DEBUG org.flywaydb.core.internal.scanner.classpath.ClassPathScanner -- Found resource: db/migration/V3__Jar_symbols.sql
23:22:56.015 [pool-1-thread-1] DEBUG org.flywaydb.core.internal.scanner.classpath.ClassPathScanner -- Found resource: db/migration/V4__Fingerprints.sql
23:22:56.015 [pool-1-thread-1] DEBUG org.flywaydb.core.internal.scanner.classpath.ClassPathScanner -- Scanning for classes at classpath:db/migration
23:22:56.019 [pool-1-thread-1] DEBUG org.flywaydb.core.internal.scanner.Scanner -- Filtering out resource: db/migration/ (filename: )
23:22:56.020 [pool-1-thread-1] DEBUG org.flywaydb.core.internal.resource.ResourceNameValidator -- Validating V1__Create_tables.sql
23:22:56.021 [pool-1-thread-1] DEBUG org.flywaydb.core.internal.resource.ResourceNameValidator -- Validating V4__Fingerprints.sql
23:22:56.021 [pool-1-thread-1] DEBUG org.flywaydb.core.internal.resource.ResourceNameValidator -- Validating V2__Server_discovery.sql
23:22:56.021 [pool-1-thread-1] DEBUG org.flywaydb.core.internal.resource.ResourceNameValidator -- Validating V3__Jar_symbols.sql
23:22:56.138 [pool-1-thread-1] INFO org.flywaydb.core.FlywayExecutor -- Database: jdbc:h2:file:/home/nsubordin81/code/scala_projects/cats-effect-3-quick-start/.metals/metals (H2 2.2)
23:22:56.139 [pool-1-thread-1] DEBUG org.flywaydb.core.FlywayExecutor -- Driver: H2 JDBC Driver 2.2.224 (2023-09-17)
23:22:56.139 [pool-1-thread-1] DEBUG org.flywaydb.core.FlywayExecutor -- DDL Transactions Supported: false
23:22:56.141 [pool-1-thread-1] DEBUG org.flywaydb.core.internal.schemahistory.SchemaHistoryFactory -- Schemas: 
23:22:56.142 [pool-1-thread-1] DEBUG org.flywaydb.core.internal.schemahistory.SchemaHistoryFactory -- Default schema: null
23:22:56.159 [pool-1-thread-1] WARN org.flywaydb.core.internal.database.base.Database -- Flyway upgrade recommended: H2 2.2.224 is newer than this version of Flyway and support has not been tested. The latest supported version of H2 is 2.2.220.
23:22:56.161 [pool-1-thread-1] DEBUG org.flywaydb.core.internal.callback.SqlScriptCallbackFactory -- Scanning for SQL callbacks ...
23:22:56.162 [pool-1-thread-1] DEBUG org.flywaydb.core.internal.scanner.Scanner -- Filtering out resource: db/migration/ (filename: )
23:22:56.185 [pool-1-thread-1] DEBUG org.flywaydb.core.internal.command.DbValidate -- Validating migrations ...
23:22:56.195 [pool-1-thread-1] DEBUG org.flywaydb.core.internal.scanner.Scanner -- Filtering out resource: db/migration/ (filename: )
23:22:56.212 [pool-1-thread-1] DEBUG org.flywaydb.core.internal.scanner.Scanner -- Filtering out resource: db/migration/V1__Create_tables.sql (filename: V1__Create_tables.sql)
23:22:56.212 [pool-1-thread-1] DEBUG org.flywaydb.core.internal.scanner.Scanner -- Filtering out resource: db/migration/V4__Fingerprints.sql (filename: V4__Fingerprints.sql)
23:22:56.212 [pool-1-thread-1] DEBUG org.flywaydb.core.internal.scanner.Scanner -- Filtering out resource: db/migration/V2__Server_discovery.sql (filename: V2__Server_discovery.sql)
23:22:56.213 [pool-1-thread-1] DEBUG org.flywaydb.core.internal.scanner.Scanner -- Filtering out resource: db/migration/ (filename: )
23:22:56.213 [pool-1-thread-1] DEBUG org.flywaydb.core.internal.scanner.Scanner -- Filtering out resource: db/migration/V3__Jar_symbols.sql (filename: V3__Jar_symbols.sql)
23:22:56.216 [pool-1-thread-1] DEBUG org.flywaydb.core.internal.scanner.Scanner -- Filtering out resource: db/migration/V1__Create_tables.sql (filename: V1__Create_tables.sql)
23:22:56.216 [pool-1-thread-1] DEBUG org.flywaydb.core.internal.scanner.Scanner -- Filtering out resource: db/migration/V4__Fingerprints.sql (filename: V4__Fingerprints.sql)
23:22:56.217 [pool-1-thread-1] DEBUG org.flywaydb.core.internal.scanner.Scanner -- Filtering out resource: db/migration/V2__Server_discovery.sql (filename: V2__Server_discovery.sql)
23:22:56.217 [pool-1-thread-1] DEBUG org.flywaydb.core.internal.scanner.Scanner -- Filtering out resource: db/migration/ (filename: )
23:22:56.217 [pool-1-thread-1] DEBUG org.flywaydb.core.internal.scanner.Scanner -- Filtering out resource: db/migration/V3__Jar_symbols.sql (filename: V3__Jar_symbols.sql)
23:22:56.249 [pool-1-thread-1] INFO org.flywaydb.core.internal.command.DbValidate -- Successfully validated 4 migrations (execution time 00:00.060s)
23:22:56.255 [pool-1-thread-1] DEBUG org.flywaydb.core.internal.command.DbSchemas -- Skipping creation of existing schema: "PUBLIC"
23:22:56.267 [pool-1-thread-1] INFO org.flywaydb.core.internal.command.DbMigrate -- Current version of schema "PUBLIC": 4
23:22:56.278 [pool-1-thread-1] INFO org.flywaydb.core.internal.command.DbMigrate -- Schema "PUBLIC" is up to date. No migration necessary.
23:22:56.509 [pool-1-thread-1] DEBUG org.flywaydb.core.FlywayExecutor -- Memory usage: 36 of 100M
2024.02.19 23:22:56 WARN  Build server is not auto-connectable.[0m
2024.02.19 23:23:12 INFO  no build target found for /home/nsubordin81/code/scala_projects/cats-effect-3-quick-start/src/main/scala/com/example/Main.scala. Using presentation compiler with project's scala-library version: 3.3.1[0m
2024.02.19 23:23:16 INFO  time: code lens generation in 18s[0m
Feb 19, 2024 11:23:50 PM org.eclipse.lsp4j.jsonrpc.RemoteEndpoint handleCancellation
WARNING: Unmatched cancel notification for request id 28
Feb 19, 2024 11:23:56 PM org.eclipse.lsp4j.jsonrpc.RemoteEndpoint handleCancellation
WARNING: Unmatched cancel notification for request id 87
Feb 19, 2024 11:23:58 PM org.eclipse.lsp4j.jsonrpc.RemoteEndpoint handleCancellation
WARNING: Unmatched cancel notification for request id 112
Feb 19, 2024 11:24:51 PM org.eclipse.lsp4j.jsonrpc.RemoteEndpoint handleCancellation
WARNING: Unmatched cancel notification for request id 380
Feb 19, 2024 11:24:52 PM org.eclipse.lsp4j.jsonrpc.RemoteEndpoint handleCancellation
WARNING: Unmatched cancel notification for request id 391
Feb 19, 2024 11:25:29 PM org.eclipse.lsp4j.jsonrpc.RemoteEndpoint handleCancellation
WARNING: Unmatched cancel notification for request id 544
Feb 19, 2024 11:25:33 PM org.eclipse.lsp4j.jsonrpc.RemoteEndpoint handleCancellation
WARNING: Unmatched cancel notification for request id 572
Feb 19, 2024 11:25:33 PM org.eclipse.lsp4j.jsonrpc.RemoteEndpoint handleCancellation
WARNING: Unmatched cancel notification for request id 577
Feb 19, 2024 11:26:08 PM org.eclipse.lsp4j.jsonrpc.RemoteEndpoint handleCancellation
WARNING: Unmatched cancel notification for request id 749
Feb 19, 2024 11:26:10 PM org.eclipse.lsp4j.jsonrpc.RemoteEndpoint handleCancellation
WARNING: Unmatched cancel notification for request id 786
Feb 19, 2024 11:26:45 PM org.eclipse.lsp4j.jsonrpc.RemoteEndpoint handleCancellation
WARNING: Unmatched cancel notification for request id 1002
Feb 19, 2024 11:26:48 PM org.eclipse.lsp4j.jsonrpc.RemoteEndpoint handleCancellation
WARNING: Unmatched cancel notification for request id 1024
Feb 19, 2024 11:27:02 PM org.eclipse.lsp4j.jsonrpc.RemoteEndpoint handleCancellation
WARNING: Unmatched cancel notification for request id 1074
2024.02.19 23:27:13 WARN  no build target for: /home/nsubordin81/code/scala_projects/cats-effect-3-quick-start/src/main/scala/com/example/StupidFizzBuzz.scala[0m
2024.02.22 23:52:41 INFO  Started: Metals version 1.2.2 in folders '/Users/taylor.bird/code/cats-effect-practice' for client Visual Studio Code 1.86.2.[0m
23:52:44.639 [pool-1-thread-2] INFO org.flywaydb.core.internal.license.VersionPrinter -- Flyway Community Edition 9.22.3 by Redgate
23:52:44.640 [pool-1-thread-2] INFO org.flywaydb.core.internal.license.VersionPrinter -- See release notes here: https://rd.gt/416ObMi
23:52:44.640 [pool-1-thread-2] INFO org.flywaydb.core.internal.license.VersionPrinter -- 
23:52:44.641 [pool-1-thread-2] DEBUG org.flywaydb.core.internal.scanner.classpath.ClassPathScanner -- Scanning for classpath resources at 'classpath:db/callback' ...
23:52:44.641 [pool-1-thread-2] DEBUG org.flywaydb.core.internal.scanner.classpath.ClassPathScanner -- Determining location urls for classpath:db/callback using ClassLoader jdk.internal.loader.ClassLoaders$AppClassLoader@277050dc ...
23:52:44.641 [pool-1-thread-2] DEBUG org.flywaydb.core.internal.scanner.classpath.ClassPathScanner -- Unable to resolve location classpath:db/callback.
23:52:44.641 [pool-1-thread-2] DEBUG org.flywaydb.core.internal.scanner.classpath.ClassPathScanner -- Scanning for classpath resources at 'classpath:db/migration' ...
23:52:44.641 [pool-1-thread-2] DEBUG org.flywaydb.core.internal.scanner.classpath.ClassPathScanner -- Determining location urls for classpath:db/migration using ClassLoader jdk.internal.loader.ClassLoaders$AppClassLoader@277050dc ...
23:52:44.641 [pool-1-thread-2] DEBUG org.flywaydb.core.internal.scanner.classpath.ClassPathScanner -- Scanning URL: jar:file:/Users/taylor.bird/Library/Caches/Coursier/v1/https/repo1.maven.org/maven2/org/scalameta/metals_2.13/1.2.2/metals_2.13-1.2.2.jar!/db/migration
23:52:44.642 [pool-1-thread-2] DEBUG org.flywaydb.core.internal.scanner.classpath.ClassPathScanner -- Found resource: db/migration/
23:52:44.642 [pool-1-thread-2] DEBUG org.flywaydb.core.internal.scanner.classpath.ClassPathScanner -- Found resource: db/migration/V1__Create_tables.sql
23:52:44.642 [pool-1-thread-2] DEBUG org.flywaydb.core.internal.scanner.classpath.ClassPathScanner -- Found resource: db/migration/V2__Server_discovery.sql
23:52:44.642 [pool-1-thread-2] DEBUG org.flywaydb.core.internal.scanner.classpath.ClassPathScanner -- Found resource: db/migration/V3__Jar_symbols.sql
23:52:44.642 [pool-1-thread-2] DEBUG org.flywaydb.core.internal.scanner.classpath.ClassPathScanner -- Found resource: db/migration/V4__Fingerprints.sql
23:52:44.642 [pool-1-thread-2] DEBUG org.flywaydb.core.internal.scanner.classpath.ClassPathScanner -- Scanning for classes at classpath:db/migration
23:52:44.643 [pool-1-thread-2] DEBUG org.flywaydb.core.internal.scanner.Scanner -- Filtering out resource: db/migration/ (filename: )
23:52:44.643 [pool-1-thread-2] DEBUG org.flywaydb.core.internal.resource.ResourceNameValidator -- Validating V1__Create_tables.sql
23:52:44.644 [pool-1-thread-2] DEBUG org.flywaydb.core.internal.resource.ResourceNameValidator -- Validating V2__Server_discovery.sql
23:52:44.644 [pool-1-thread-2] DEBUG org.flywaydb.core.internal.resource.ResourceNameValidator -- Validating V4__Fingerprints.sql
23:52:44.644 [pool-1-thread-2] DEBUG org.flywaydb.core.internal.resource.ResourceNameValidator -- Validating V3__Jar_symbols.sql
23:52:44.706 [pool-1-thread-2] INFO org.flywaydb.core.FlywayExecutor -- Database: jdbc:h2:file:/Users/taylor.bird/code/cats-effect-practice/.metals/metals (H2 2.2)
23:52:44.706 [pool-1-thread-2] DEBUG org.flywaydb.core.FlywayExecutor -- Driver: H2 JDBC Driver 2.2.224 (2023-09-17)
23:52:44.706 [pool-1-thread-2] DEBUG org.flywaydb.core.FlywayExecutor -- DDL Transactions Supported: false
23:52:44.707 [pool-1-thread-2] DEBUG org.flywaydb.core.internal.schemahistory.SchemaHistoryFactory -- Schemas: 
23:52:44.707 [pool-1-thread-2] DEBUG org.flywaydb.core.internal.schemahistory.SchemaHistoryFactory -- Default schema: null
23:52:44.708 [pool-1-thread-2] WARN org.flywaydb.core.internal.database.base.Database -- Flyway upgrade recommended: H2 2.2.224 is newer than this version of Flyway and support has not been tested. The latest supported version of H2 is 2.2.220.
23:52:44.709 [pool-1-thread-2] DEBUG org.flywaydb.core.internal.callback.SqlScriptCallbackFactory -- Scanning for SQL callbacks ...
23:52:44.709 [pool-1-thread-2] DEBUG org.flywaydb.core.internal.scanner.Scanner -- Filtering out resource: db/migration/ (filename: )
23:52:44.711 [pool-1-thread-2] DEBUG org.flywaydb.core.internal.command.DbValidate -- Validating migrations ...
23:52:44.712 [pool-1-thread-2] DEBUG org.flywaydb.core.internal.scanner.Scanner -- Filtering out resource: db/migration/ (filename: )
23:52:44.715 [pool-1-thread-2] DEBUG org.flywaydb.core.internal.scanner.Scanner -- Filtering out resource: db/migration/V1__Create_tables.sql (filename: V1__Create_tables.sql)
23:52:44.715 [pool-1-thread-2] DEBUG org.flywaydb.core.internal.scanner.Scanner -- Filtering out resource: db/migration/V2__Server_discovery.sql (filename: V2__Server_discovery.sql)
23:52:44.715 [pool-1-thread-2] DEBUG org.flywaydb.core.internal.scanner.Scanner -- Filtering out resource: db/migration/V4__Fingerprints.sql (filename: V4__Fingerprints.sql)
23:52:44.715 [pool-1-thread-2] DEBUG org.flywaydb.core.internal.scanner.Scanner -- Filtering out resource: db/migration/ (filename: )
23:52:44.715 [pool-1-thread-2] DEBUG org.flywaydb.core.internal.scanner.Scanner -- Filtering out resource: db/migration/V3__Jar_symbols.sql (filename: V3__Jar_symbols.sql)
23:52:44.715 [pool-1-thread-2] DEBUG org.flywaydb.core.internal.scanner.Scanner -- Filtering out resource: db/migration/V1__Create_tables.sql (filename: V1__Create_tables.sql)
23:52:44.715 [pool-1-thread-2] DEBUG org.flywaydb.core.internal.scanner.Scanner -- Filtering out resource: db/migration/V2__Server_discovery.sql (filename: V2__Server_discovery.sql)
23:52:44.715 [pool-1-thread-2] DEBUG org.flywaydb.core.internal.scanner.Scanner -- Filtering out resource: db/migration/V4__Fingerprints.sql (filename: V4__Fingerprints.sql)
23:52:44.715 [pool-1-thread-2] DEBUG org.flywaydb.core.internal.scanner.Scanner -- Filtering out resource: db/migration/ (filename: )
23:52:44.715 [pool-1-thread-2] DEBUG org.flywaydb.core.internal.scanner.Scanner -- Filtering out resource: db/migration/V3__Jar_symbols.sql (filename: V3__Jar_symbols.sql)
23:52:44.719 [pool-1-thread-2] INFO org.flywaydb.core.internal.command.DbValidate -- Successfully validated 4 migrations (execution time 00:00.007s)
23:52:44.720 [pool-1-thread-2] DEBUG org.flywaydb.core.internal.command.DbSchemas -- Skipping creation of existing schema: "PUBLIC"
23:52:44.722 [pool-1-thread-2] INFO org.flywaydb.core.internal.command.DbMigrate -- Current version of schema "PUBLIC": 4
23:52:44.723 [pool-1-thread-2] INFO org.flywaydb.core.internal.command.DbMigrate -- Schema "PUBLIC" is up to date. No migration necessary.
23:52:44.738 [pool-1-thread-2] DEBUG org.flywaydb.core.FlywayExecutor -- Memory usage: 45 of 104M
2024.02.22 23:52:44 WARN  Build server is not auto-connectable.[0m
2024.02.22 23:52:51 INFO  no build target found for /Users/taylor.bird/code/cats-effect-practice/src/main/scala/com/example/HelloWorld.scala. Using presentation compiler with project's scala-library version: 3.3.1[0m
2024.02.22 23:52:52 INFO  time: code lens generation in 3.42s[0m
Feb 22, 2024 11:52:52 PM org.eclipse.lsp4j.jsonrpc.RemoteEndpoint handleCancellation
WARNING: Unmatched cancel notification for request id 10
Feb 22, 2024 11:52:52 PM org.eclipse.lsp4j.jsonrpc.RemoteEndpoint handleCancellation
WARNING: Unmatched cancel notification for request id 7
Feb 22, 2024 11:52:52 PM org.eclipse.lsp4j.jsonrpc.RemoteEndpoint handleCancellation
WARNING: Unmatched cancel notification for request id 8
Feb 22, 2024 11:52:52 PM org.eclipse.lsp4j.jsonrpc.RemoteEndpoint handleCancellation
WARNING: Unmatched cancel notification for request id 11
Feb 22, 2024 11:54:43 PM org.eclipse.lsp4j.jsonrpc.RemoteEndpoint handleCancellation
WARNING: Unmatched cancel notification for request id 214
2024.02.22 23:54:50 WARN  no build target for: /Users/taylor.bird/code/cats-effect-practice/src/main/scala/com/example/StupidFizzBuzz.scala[0m
Feb 22, 2024 11:55:24 PM org.eclipse.lsp4j.jsonrpc.services.GenericEndpoint notify
INFO: Unsupported notification method: $/setTrace
2024.02.22 23:58:29 INFO  Started: Metals version 1.2.2 in folders '/Users/taylor.bird/code/cats-effect-practice' for client Visual Studio Code 1.86.2.
23:58:30.123 [pool-1-thread-4] INFO org.flywaydb.core.internal.license.VersionPrinter -- Flyway Community Edition 9.22.3 by Redgate
23:58:30.124 [pool-1-thread-4] INFO org.flywaydb.core.internal.license.VersionPrinter -- See release notes here: https://rd.gt/416ObMi
23:58:30.124 [pool-1-thread-4] INFO org.flywaydb.core.internal.license.VersionPrinter -- 
23:58:30.125 [pool-1-thread-4] DEBUG org.flywaydb.core.internal.scanner.classpath.ClassPathScanner -- Scanning for classpath resources at 'classpath:db/callback' ...
23:58:30.125 [pool-1-thread-4] DEBUG org.flywaydb.core.internal.scanner.classpath.ClassPathScanner -- Determining location urls for classpath:db/callback using ClassLoader jdk.internal.loader.ClassLoaders$AppClassLoader@277050dc ...
23:58:30.125 [pool-1-thread-4] DEBUG org.flywaydb.core.internal.scanner.classpath.ClassPathScanner -- Unable to resolve location classpath:db/callback.
23:58:30.125 [pool-1-thread-4] DEBUG org.flywaydb.core.internal.scanner.classpath.ClassPathScanner -- Scanning for classpath resources at 'classpath:db/migration' ...
23:58:30.125 [pool-1-thread-4] DEBUG org.flywaydb.core.internal.scanner.classpath.ClassPathScanner -- Determining location urls for classpath:db/migration using ClassLoader jdk.internal.loader.ClassLoaders$AppClassLoader@277050dc ...
23:58:30.125 [pool-1-thread-4] DEBUG org.flywaydb.core.internal.scanner.classpath.ClassPathScanner -- Scanning URL: jar:file:/Users/taylor.bird/Library/Caches/Coursier/v1/https/repo1.maven.org/maven2/org/scalameta/metals_2.13/1.2.2/metals_2.13-1.2.2.jar!/db/migration
23:58:30.126 [pool-1-thread-4] DEBUG org.flywaydb.core.internal.scanner.classpath.ClassPathScanner -- Found resource: db/migration/
23:58:30.126 [pool-1-thread-4] DEBUG org.flywaydb.core.internal.scanner.classpath.ClassPathScanner -- Found resource: db/migration/V1__Create_tables.sql
23:58:30.126 [pool-1-thread-4] DEBUG org.flywaydb.core.internal.scanner.classpath.ClassPathScanner -- Found resource: db/migration/V2__Server_discovery.sql
23:58:30.126 [pool-1-thread-4] DEBUG org.flywaydb.core.internal.scanner.classpath.ClassPathScanner -- Found resource: db/migration/V3__Jar_symbols.sql
23:58:30.126 [pool-1-thread-4] DEBUG org.flywaydb.core.internal.scanner.classpath.ClassPathScanner -- Found resource: db/migration/V4__Fingerprints.sql
23:58:30.126 [pool-1-thread-4] DEBUG org.flywaydb.core.internal.scanner.classpath.ClassPathScanner -- Scanning for classes at classpath:db/migration
23:58:30.128 [pool-1-thread-4] DEBUG org.flywaydb.core.internal.scanner.Scanner -- Filtering out resource: db/migration/ (filename: )
23:58:30.128 [pool-1-thread-4] DEBUG org.flywaydb.core.internal.resource.ResourceNameValidator -- Validating V1__Create_tables.sql
23:58:30.128 [pool-1-thread-4] DEBUG org.flywaydb.core.internal.resource.ResourceNameValidator -- Validating V2__Server_discovery.sql
23:58:30.128 [pool-1-thread-4] DEBUG org.flywaydb.core.internal.resource.ResourceNameValidator -- Validating V4__Fingerprints.sql
23:58:30.128 [pool-1-thread-4] DEBUG org.flywaydb.core.internal.resource.ResourceNameValidator -- Validating V3__Jar_symbols.sql
23:58:30.194 [pool-1-thread-4] INFO org.flywaydb.core.FlywayExecutor -- Database: jdbc:h2:file:/Users/taylor.bird/code/cats-effect-practice/.metals/metals (H2 2.2)
23:58:30.194 [pool-1-thread-4] DEBUG org.flywaydb.core.FlywayExecutor -- Driver: H2 JDBC Driver 2.2.224 (2023-09-17)
23:58:30.194 [pool-1-thread-4] DEBUG org.flywaydb.core.FlywayExecutor -- DDL Transactions Supported: false
23:58:30.195 [pool-1-thread-4] DEBUG org.flywaydb.core.internal.schemahistory.SchemaHistoryFactory -- Schemas: 
23:58:30.195 [pool-1-thread-4] DEBUG org.flywaydb.core.internal.schemahistory.SchemaHistoryFactory -- Default schema: null
23:58:30.196 [pool-1-thread-4] WARN org.flywaydb.core.internal.database.base.Database -- Flyway upgrade recommended: H2 2.2.224 is newer than this version of Flyway and support has not been tested. The latest supported version of H2 is 2.2.220.
23:58:30.197 [pool-1-thread-4] DEBUG org.flywaydb.core.internal.callback.SqlScriptCallbackFactory -- Scanning for SQL callbacks ...
23:58:30.197 [pool-1-thread-4] DEBUG org.flywaydb.core.internal.scanner.Scanner -- Filtering out resource: db/migration/ (filename: )
23:58:30.200 [pool-1-thread-4] DEBUG org.flywaydb.core.internal.command.DbValidate -- Validating migrations ...
23:58:30.201 [pool-1-thread-4] DEBUG org.flywaydb.core.internal.scanner.Scanner -- Filtering out resource: db/migration/ (filename: )
23:58:30.204 [pool-1-thread-4] DEBUG org.flywaydb.core.internal.scanner.Scanner -- Filtering out resource: db/migration/V1__Create_tables.sql (filename: V1__Create_tables.sql)
23:58:30.204 [pool-1-thread-4] DEBUG org.flywaydb.core.internal.scanner.Scanner -- Filtering out resource: db/migration/V2__Server_discovery.sql (filename: V2__Server_discovery.sql)
23:58:30.204 [pool-1-thread-4] DEBUG org.flywaydb.core.internal.scanner.Scanner -- Filtering out resource: db/migration/V4__Fingerprints.sql (filename: V4__Fingerprints.sql)
23:58:30.204 [pool-1-thread-4] DEBUG org.flywaydb.core.internal.scanner.Scanner -- Filtering out resource: db/migration/ (filename: )
23:58:30.204 [pool-1-thread-4] DEBUG org.flywaydb.core.internal.scanner.Scanner -- Filtering out resource: db/migration/V3__Jar_symbols.sql (filename: V3__Jar_symbols.sql)
23:58:30.204 [pool-1-thread-4] DEBUG org.flywaydb.core.internal.scanner.Scanner -- Filtering out resource: db/migration/V1__Create_tables.sql (filename: V1__Create_tables.sql)
23:58:30.204 [pool-1-thread-4] DEBUG org.flywaydb.core.internal.scanner.Scanner -- Filtering out resource: db/migration/V2__Server_discovery.sql (filename: V2__Server_discovery.sql)
23:58:30.204 [pool-1-thread-4] DEBUG org.flywaydb.core.internal.scanner.Scanner -- Filtering out resource: db/migration/V4__Fingerprints.sql (filename: V4__Fingerprints.sql)
23:58:30.204 [pool-1-thread-4] DEBUG org.flywaydb.core.internal.scanner.Scanner -- Filtering out resource: db/migration/ (filename: )
23:58:30.204 [pool-1-thread-4] DEBUG org.flywaydb.core.internal.scanner.Scanner -- Filtering out resource: db/migration/V3__Jar_symbols.sql (filename: V3__Jar_symbols.sql)
23:58:30.208 [pool-1-thread-4] INFO org.flywaydb.core.internal.command.DbValidate -- Successfully validated 4 migrations (execution time 00:00.008s)
23:58:30.209 [pool-1-thread-4] DEBUG org.flywaydb.core.internal.command.DbSchemas -- Skipping creation of existing schema: "PUBLIC"
23:58:30.210 [pool-1-thread-4] INFO org.flywaydb.core.internal.command.DbMigrate -- Current version of schema "PUBLIC": 4
23:58:30.212 [pool-1-thread-4] INFO org.flywaydb.core.internal.command.DbMigrate -- Schema "PUBLIC" is up to date. No migration necessary.
23:58:30.450 [pool-1-thread-4] DEBUG org.flywaydb.core.FlywayExecutor -- Memory usage: 24 of 104M
2024.02.22 23:58:30 WARN  Build server is not auto-connectable.
Feb 22, 2024 11:59:18 PM org.eclipse.lsp4j.jsonrpc.services.GenericEndpoint notify
INFO: Unsupported notification method: $/setTrace
2024.02.23 00:00:24 INFO  Shutting down server
2024.02.23 00:00:24 INFO  shutting down Metals
2024.02.23 00:00:24 INFO  Exiting server
2024.02.23 00:00:33 INFO  Started: Metals version 1.2.2 in folders '/Users/taylor.bird/code/cats-effect-practice' for client Visual Studio Code 1.86.2.[0m
00:00:34.012 [pool-1-thread-4] INFO org.flywaydb.core.internal.license.VersionPrinter -- Flyway Community Edition 9.22.3 by Redgate
00:00:34.013 [pool-1-thread-4] INFO org.flywaydb.core.internal.license.VersionPrinter -- See release notes here: https://rd.gt/416ObMi
00:00:34.013 [pool-1-thread-4] INFO org.flywaydb.core.internal.license.VersionPrinter -- 
00:00:34.014 [pool-1-thread-4] DEBUG org.flywaydb.core.internal.scanner.classpath.ClassPathScanner -- Scanning for classpath resources at 'classpath:db/callback' ...
00:00:34.014 [pool-1-thread-4] DEBUG org.flywaydb.core.internal.scanner.classpath.ClassPathScanner -- Determining location urls for classpath:db/callback using ClassLoader jdk.internal.loader.ClassLoaders$AppClassLoader@277050dc ...
00:00:34.014 [pool-1-thread-4] DEBUG org.flywaydb.core.internal.scanner.classpath.ClassPathScanner -- Unable to resolve location classpath:db/callback.
00:00:34.014 [pool-1-thread-4] DEBUG org.flywaydb.core.internal.scanner.classpath.ClassPathScanner -- Scanning for classpath resources at 'classpath:db/migration' ...
00:00:34.014 [pool-1-thread-4] DEBUG org.flywaydb.core.internal.scanner.classpath.ClassPathScanner -- Determining location urls for classpath:db/migration using ClassLoader jdk.internal.loader.ClassLoaders$AppClassLoader@277050dc ...
00:00:34.014 [pool-1-thread-4] DEBUG org.flywaydb.core.internal.scanner.classpath.ClassPathScanner -- Scanning URL: jar:file:/Users/taylor.bird/Library/Caches/Coursier/v1/https/repo1.maven.org/maven2/org/scalameta/metals_2.13/1.2.2/metals_2.13-1.2.2.jar!/db/migration
00:00:34.015 [pool-1-thread-4] DEBUG org.flywaydb.core.internal.scanner.classpath.ClassPathScanner -- Found resource: db/migration/
00:00:34.015 [pool-1-thread-4] DEBUG org.flywaydb.core.internal.scanner.classpath.ClassPathScanner -- Found resource: db/migration/V1__Create_tables.sql
00:00:34.015 [pool-1-thread-4] DEBUG org.flywaydb.core.internal.scanner.classpath.ClassPathScanner -- Found resource: db/migration/V2__Server_discovery.sql
00:00:34.015 [pool-1-thread-4] DEBUG org.flywaydb.core.internal.scanner.classpath.ClassPathScanner -- Found resource: db/migration/V3__Jar_symbols.sql
00:00:34.015 [pool-1-thread-4] DEBUG org.flywaydb.core.internal.scanner.classpath.ClassPathScanner -- Found resource: db/migration/V4__Fingerprints.sql
00:00:34.015 [pool-1-thread-4] DEBUG org.flywaydb.core.internal.scanner.classpath.ClassPathScanner -- Scanning for classes at classpath:db/migration
00:00:34.017 [pool-1-thread-4] DEBUG org.flywaydb.core.internal.scanner.Scanner -- Filtering out resource: db/migration/ (filename: )
00:00:34.017 [pool-1-thread-4] DEBUG org.flywaydb.core.internal.resource.ResourceNameValidator -- Validating V1__Create_tables.sql
00:00:34.017 [pool-1-thread-4] DEBUG org.flywaydb.core.internal.resource.ResourceNameValidator -- Validating V2__Server_discovery.sql
00:00:34.017 [pool-1-thread-4] DEBUG org.flywaydb.core.internal.resource.ResourceNameValidator -- Validating V4__Fingerprints.sql
00:00:34.017 [pool-1-thread-4] DEBUG org.flywaydb.core.internal.resource.ResourceNameValidator -- Validating V3__Jar_symbols.sql
00:00:34.077 [pool-1-thread-4] INFO org.flywaydb.core.FlywayExecutor -- Database: jdbc:h2:file:/Users/taylor.bird/code/cats-effect-practice/.metals/metals (H2 2.2)
00:00:34.077 [pool-1-thread-4] DEBUG org.flywaydb.core.FlywayExecutor -- Driver: H2 JDBC Driver 2.2.224 (2023-09-17)
00:00:34.077 [pool-1-thread-4] DEBUG org.flywaydb.core.FlywayExecutor -- DDL Transactions Supported: false
00:00:34.078 [pool-1-thread-4] DEBUG org.flywaydb.core.internal.schemahistory.SchemaHistoryFactory -- Schemas: 
00:00:34.078 [pool-1-thread-4] DEBUG org.flywaydb.core.internal.schemahistory.SchemaHistoryFactory -- Default schema: null
00:00:34.080 [pool-1-thread-4] WARN org.flywaydb.core.internal.database.base.Database -- Flyway upgrade recommended: H2 2.2.224 is newer than this version of Flyway and support has not been tested. The latest supported version of H2 is 2.2.220.
00:00:34.080 [pool-1-thread-4] DEBUG org.flywaydb.core.internal.callback.SqlScriptCallbackFactory -- Scanning for SQL callbacks ...
00:00:34.080 [pool-1-thread-4] DEBUG org.flywaydb.core.internal.scanner.Scanner -- Filtering out resource: db/migration/ (filename: )
00:00:34.085 [pool-1-thread-4] DEBUG org.flywaydb.core.internal.command.DbValidate -- Validating migrations ...
00:00:34.087 [pool-1-thread-4] DEBUG org.flywaydb.core.internal.scanner.Scanner -- Filtering out resource: db/migration/ (filename: )
00:00:34.091 [pool-1-thread-4] DEBUG org.flywaydb.core.internal.scanner.Scanner -- Filtering out resource: db/migration/V1__Create_tables.sql (filename: V1__Create_tables.sql)
00:00:34.091 [pool-1-thread-4] DEBUG org.flywaydb.core.internal.scanner.Scanner -- Filtering out resource: db/migration/V2__Server_discovery.sql (filename: V2__Server_discovery.sql)
00:00:34.091 [pool-1-thread-4] DEBUG org.flywaydb.core.internal.scanner.Scanner -- Filtering out resource: db/migration/V4__Fingerprints.sql (filename: V4__Fingerprints.sql)
00:00:34.091 [pool-1-thread-4] DEBUG org.flywaydb.core.internal.scanner.Scanner -- Filtering out resource: db/migration/ (filename: )
00:00:34.091 [pool-1-thread-4] DEBUG org.flywaydb.core.internal.scanner.Scanner -- Filtering out resource: db/migration/V3__Jar_symbols.sql (filename: V3__Jar_symbols.sql)
00:00:34.091 [pool-1-thread-4] DEBUG org.flywaydb.core.internal.scanner.Scanner -- Filtering out resource: db/migration/V1__Create_tables.sql (filename: V1__Create_tables.sql)
00:00:34.091 [pool-1-thread-4] DEBUG org.flywaydb.core.internal.scanner.Scanner -- Filtering out resource: db/migration/V2__Server_discovery.sql (filename: V2__Server_discovery.sql)
00:00:34.091 [pool-1-thread-4] DEBUG org.flywaydb.core.internal.scanner.Scanner -- Filtering out resource: db/migration/V4__Fingerprints.sql (filename: V4__Fingerprints.sql)
00:00:34.091 [pool-1-thread-4] DEBUG org.flywaydb.core.internal.scanner.Scanner -- Filtering out resource: db/migration/ (filename: )
00:00:34.091 [pool-1-thread-4] DEBUG org.flywaydb.core.internal.scanner.Scanner -- Filtering out resource: db/migration/V3__Jar_symbols.sql (filename: V3__Jar_symbols.sql)
00:00:34.095 [pool-1-thread-4] INFO org.flywaydb.core.internal.command.DbValidate -- Successfully validated 4 migrations (execution time 00:00.009s)
00:00:34.096 [pool-1-thread-4] DEBUG org.flywaydb.core.internal.command.DbSchemas -- Skipping creation of existing schema: "PUBLIC"
00:00:34.099 [pool-1-thread-4] INFO org.flywaydb.core.internal.command.DbMigrate -- Current version of schema "PUBLIC": 4
00:00:34.101 [pool-1-thread-4] INFO org.flywaydb.core.internal.command.DbMigrate -- Schema "PUBLIC" is up to date. No migration necessary.
00:00:34.116 [pool-1-thread-4] DEBUG org.flywaydb.core.FlywayExecutor -- Memory usage: 65 of 125M
2024.02.23 00:00:34 WARN  Build server is not auto-connectable.[0m
2024.02.23 00:00:44 INFO  Shutting down server[0m
2024.02.23 00:00:44 INFO  shutting down Metals[0m
2024.02.23 00:00:44 INFO  Exiting server[0m
2024.02.23 00:00:55 INFO  Started: Metals version 1.2.2 in folders '/Users/taylor.bird/code/cats-effect-practice' for client Visual Studio Code 1.86.2.[0m
00:00:55.600 [pool-1-thread-2] INFO org.flywaydb.core.internal.license.VersionPrinter -- Flyway Community Edition 9.22.3 by Redgate
00:00:55.601 [pool-1-thread-2] INFO org.flywaydb.core.internal.license.VersionPrinter -- See release notes here: https://rd.gt/416ObMi
00:00:55.601 [pool-1-thread-2] INFO org.flywaydb.core.internal.license.VersionPrinter -- 
00:00:55.602 [pool-1-thread-2] DEBUG org.flywaydb.core.internal.scanner.classpath.ClassPathScanner -- Scanning for classpath resources at 'classpath:db/callback' ...
00:00:55.602 [pool-1-thread-2] DEBUG org.flywaydb.core.internal.scanner.classpath.ClassPathScanner -- Determining location urls for classpath:db/callback using ClassLoader jdk.internal.loader.ClassLoaders$AppClassLoader@277050dc ...
00:00:55.602 [pool-1-thread-2] DEBUG org.flywaydb.core.internal.scanner.classpath.ClassPathScanner -- Unable to resolve location classpath:db/callback.
00:00:55.602 [pool-1-thread-2] DEBUG org.flywaydb.core.internal.scanner.classpath.ClassPathScanner -- Scanning for classpath resources at 'classpath:db/migration' ...
00:00:55.602 [pool-1-thread-2] DEBUG org.flywaydb.core.internal.scanner.classpath.ClassPathScanner -- Determining location urls for classpath:db/migration using ClassLoader jdk.internal.loader.ClassLoaders$AppClassLoader@277050dc ...
00:00:55.602 [pool-1-thread-2] DEBUG org.flywaydb.core.internal.scanner.classpath.ClassPathScanner -- Scanning URL: jar:file:/Users/taylor.bird/Library/Caches/Coursier/v1/https/repo1.maven.org/maven2/org/scalameta/metals_2.13/1.2.2/metals_2.13-1.2.2.jar!/db/migration
00:00:55.603 [pool-1-thread-2] DEBUG org.flywaydb.core.internal.scanner.classpath.ClassPathScanner -- Found resource: db/migration/
00:00:55.603 [pool-1-thread-2] DEBUG org.flywaydb.core.internal.scanner.classpath.ClassPathScanner -- Found resource: db/migration/V1__Create_tables.sql
00:00:55.603 [pool-1-thread-2] DEBUG org.flywaydb.core.internal.scanner.classpath.ClassPathScanner -- Found resource: db/migration/V2__Server_discovery.sql
00:00:55.603 [pool-1-thread-2] DEBUG org.flywaydb.core.internal.scanner.classpath.ClassPathScanner -- Found resource: db/migration/V3__Jar_symbols.sql
00:00:55.603 [pool-1-thread-2] DEBUG org.flywaydb.core.internal.scanner.classpath.ClassPathScanner -- Found resource: db/migration/V4__Fingerprints.sql
00:00:55.603 [pool-1-thread-2] DEBUG org.flywaydb.core.internal.scanner.classpath.ClassPathScanner -- Scanning for classes at classpath:db/migration
00:00:55.604 [pool-1-thread-2] DEBUG org.flywaydb.core.internal.scanner.Scanner -- Filtering out resource: db/migration/ (filename: )
00:00:55.604 [pool-1-thread-2] DEBUG org.flywaydb.core.internal.resource.ResourceNameValidator -- Validating V1__Create_tables.sql
00:00:55.604 [pool-1-thread-2] DEBUG org.flywaydb.core.internal.resource.ResourceNameValidator -- Validating V2__Server_discovery.sql
00:00:55.604 [pool-1-thread-2] DEBUG org.flywaydb.core.internal.resource.ResourceNameValidator -- Validating V4__Fingerprints.sql
00:00:55.605 [pool-1-thread-2] DEBUG org.flywaydb.core.internal.resource.ResourceNameValidator -- Validating V3__Jar_symbols.sql
00:00:55.681 [pool-1-thread-2] INFO org.flywaydb.core.FlywayExecutor -- Database: jdbc:h2:file:/Users/taylor.bird/code/cats-effect-practice/.metals/metals (H2 2.2)
00:00:55.681 [pool-1-thread-2] DEBUG org.flywaydb.core.FlywayExecutor -- Driver: H2 JDBC Driver 2.2.224 (2023-09-17)
00:00:55.681 [pool-1-thread-2] DEBUG org.flywaydb.core.FlywayExecutor -- DDL Transactions Supported: false
00:00:55.681 [pool-1-thread-2] DEBUG org.flywaydb.core.internal.schemahistory.SchemaHistoryFactory -- Schemas: 
00:00:55.682 [pool-1-thread-2] DEBUG org.flywaydb.core.internal.schemahistory.SchemaHistoryFactory -- Default schema: null
00:00:55.683 [pool-1-thread-2] WARN org.flywaydb.core.internal.database.base.Database -- Flyway upgrade recommended: H2 2.2.224 is newer than this version of Flyway and support has not been tested. The latest supported version of H2 is 2.2.220.
00:00:55.684 [pool-1-thread-2] DEBUG org.flywaydb.core.internal.callback.SqlScriptCallbackFactory -- Scanning for SQL callbacks ...
00:00:55.684 [pool-1-thread-2] DEBUG org.flywaydb.core.internal.scanner.Scanner -- Filtering out resource: db/migration/ (filename: )
00:00:55.687 [pool-1-thread-2] DEBUG org.flywaydb.core.internal.command.DbValidate -- Validating migrations ...
00:00:55.688 [pool-1-thread-2] DEBUG org.flywaydb.core.internal.scanner.Scanner -- Filtering out resource: db/migration/ (filename: )
00:00:55.691 [pool-1-thread-2] DEBUG org.flywaydb.core.internal.scanner.Scanner -- Filtering out resource: db/migration/V1__Create_tables.sql (filename: V1__Create_tables.sql)
00:00:55.691 [pool-1-thread-2] DEBUG org.flywaydb.core.internal.scanner.Scanner -- Filtering out resource: db/migration/V2__Server_discovery.sql (filename: V2__Server_discovery.sql)
00:00:55.691 [pool-1-thread-2] DEBUG org.flywaydb.core.internal.scanner.Scanner -- Filtering out resource: db/migration/V4__Fingerprints.sql (filename: V4__Fingerprints.sql)
00:00:55.691 [pool-1-thread-2] DEBUG org.flywaydb.core.internal.scanner.Scanner -- Filtering out resource: db/migration/ (filename: )
00:00:55.691 [pool-1-thread-2] DEBUG org.flywaydb.core.internal.scanner.Scanner -- Filtering out resource: db/migration/V3__Jar_symbols.sql (filename: V3__Jar_symbols.sql)
00:00:55.692 [pool-1-thread-2] DEBUG org.flywaydb.core.internal.scanner.Scanner -- Filtering out resource: db/migration/V1__Create_tables.sql (filename: V1__Create_tables.sql)
00:00:55.692 [pool-1-thread-2] DEBUG org.flywaydb.core.internal.scanner.Scanner -- Filtering out resource: db/migration/V2__Server_discovery.sql (filename: V2__Server_discovery.sql)
00:00:55.692 [pool-1-thread-2] DEBUG org.flywaydb.core.internal.scanner.Scanner -- Filtering out resource: db/migration/V4__Fingerprints.sql (filename: V4__Fingerprints.sql)
00:00:55.692 [pool-1-thread-2] DEBUG org.flywaydb.core.internal.scanner.Scanner -- Filtering out resource: db/migration/ (filename: )
00:00:55.692 [pool-1-thread-2] DEBUG org.flywaydb.core.internal.scanner.Scanner -- Filtering out resource: db/migration/V3__Jar_symbols.sql (filename: V3__Jar_symbols.sql)
00:00:55.696 [pool-1-thread-2] INFO org.flywaydb.core.internal.command.DbValidate -- Successfully validated 4 migrations (execution time 00:00.008s)
00:00:55.697 [pool-1-thread-2] DEBUG org.flywaydb.core.internal.command.DbSchemas -- Skipping creation of existing schema: "PUBLIC"
00:00:55.699 [pool-1-thread-2] INFO org.flywaydb.core.internal.command.DbMigrate -- Current version of schema "PUBLIC": 4
00:00:55.700 [pool-1-thread-2] INFO org.flywaydb.core.internal.command.DbMigrate -- Schema "PUBLIC" is up to date. No migration necessary.
00:00:55.912 [pool-1-thread-2] DEBUG org.flywaydb.core.FlywayExecutor -- Memory usage: 22 of 104M
2024.02.23 00:00:56 WARN  Build server is not auto-connectable.[0m
2024.02.23 00:01:02 INFO  running '/Users/taylor.bird/Library/Application Support/Coursier/bin/sbt -Dbloop.export-jar-classifiers=sources bloopInstall'[0m
2024.02.23 00:01:02 WARN  no build target for: /Users/taylor.bird/code/cats-effect-practice/project/project/metals.sbt[0m
2024.02.23 00:01:02 WARN  no build target for: /Users/taylor.bird/code/cats-effect-practice/project/metals.sbt[0m
2024.02.23 00:01:02 INFO  skipping build import with status 'Started'[0m
2024.02.23 00:01:02 INFO  copying runtime jar...[0m
2024.02.23 00:01:04 INFO  no build target found for /Users/taylor.bird/code/cats-effect-practice/project/metals.sbt. Using presentation compiler with project's scala-library version: 3.3.1[0m
2024.02.23 00:01:06 ERROR [info] [launcher] getting org.scala-sbt sbt 1.9.6  (this may take some time)...[0m
2024.02.23 00:01:09 ERROR [info] [launcher] getting Scala 2.12.18 (for sbt)...[0m
2024.02.23 00:01:09 INFO  [info] welcome to sbt 1.9.6 (Eclipse Adoptium Java 11.0.22)[0m
2024.02.23 00:01:11 INFO  [info] loading settings for project cats-effect-practice-build-build from metals.sbt ...[0m
2024.02.23 00:01:11 INFO  [info] loading project definition from /Users/taylor.bird/code/cats-effect-practice/project/project[0m
2024.02.23 00:01:12 INFO  [info] loading settings for project cats-effect-practice-build from metals.sbt ...[0m
2024.02.23 00:01:12 INFO  [info] loading project definition from /Users/taylor.bird/code/cats-effect-practice/project[0m
2024.02.23 00:01:14 INFO  [success] Generated .bloop/cats-effect-practice-build.json[0m
2024.02.23 00:01:14 INFO  [success] Total time: 1 s, completed Feb 23, 2024, 12:01:14 AM[0m
2024.02.23 00:01:14 INFO  [info] loading settings for project root from build.sbt ...[0m
2024.02.23 00:01:14 INFO  [info] set current project to cats-effect-3-quick-start (in build file:/Users/taylor.bird/code/cats-effect-practice/)[0m
2024.02.23 00:01:18 INFO  [success] Generated .bloop/root-test.json[0m
2024.02.23 00:01:18 INFO  [success] Generated .bloop/root.json[0m
2024.02.23 00:01:18 INFO  [success] Total time: 4 s, completed Feb 23, 2024, 12:01:18 AM[0m
2024.02.23 00:01:18 INFO  time: ran 'sbt bloopInstall' in 16s[0m
2024.02.23 00:01:18 INFO  Attempting to connect to the build server...[0m
2024.02.23 00:01:18 INFO  Setting up current java home /Users/taylor.bird/Library/Caches/Coursier/arc/https/github.com/adoptium/temurin11-binaries/releases/download/jdk-11.0.22%252B7/OpenJDK11U-jdk_aarch64_mac_hotspot_11.0.22_7.tar.gz/jdk-11.0.22+7/Contents/Home in /Users/taylor.bird/.bloop/bloop.json[0m
2024.02.23 00:01:22 INFO  tracing is disabled for protocol BSP, to enable tracing of incoming and outgoing JSON messages create an empty file at /Users/taylor.bird/code/cats-effect-practice/.metals/bsp.trace.json or /Users/taylor.bird/Library/Caches/org.scalameta.metals/bsp.trace.json[0m
2024.02.23 00:01:22 INFO  Attempting to connect to the build server...[0m
2024.02.23 00:01:22 INFO  Bloop uses /Users/taylor.bird/Library/Caches/Coursier/arc/https/github.com/adoptium/temurin11-binaries/releases/download/jdk-11.0.22%252B7/OpenJDK11U-jdk_aarch64_mac_hotspot_11.0.22_7.tar.gz/jdk-11.0.22+7/Contents/Home defined at /Users/taylor.bird/.bloop/bloop.json[0m
2024.02.23 00:01:22 INFO  tracing is disabled for protocol BSP, to enable tracing of incoming and outgoing JSON messages create an empty file at /Users/taylor.bird/code/cats-effect-practice/project/.metals/bsp.trace.json or /Users/taylor.bird/Library/Caches/org.scalameta.metals/bsp.trace.json[0m
2024.02.23 00:01:23 INFO  time: Connected to build server in 4.86s[0m
2024.02.23 00:01:23 INFO  Connected to Build server: Bloop v1.5.15[0m
2024.02.23 00:01:28 INFO  time: indexed workspace in 5.24s[0m
